May 31, 2013 4:54:57 PM org.apache.catalina.core.AprLifecycleListener init
INFO: The APR based Apache Tomcat Native library which allows optimal performance in production environments was not found on the java.library.path: /Users/tylerfoster/Library/Java/Extensions:/Library/Java/Extensions:/Network/Library/Java/Extensions:/System/Library/Java/Extensions:/usr/lib/java:.
May 31, 2013 4:54:59 PM org.apache.coyote.AbstractProtocol init
INFO: Initializing ProtocolHandler ["http-bio-8080"]
May 31, 2013 4:54:59 PM org.apache.coyote.AbstractProtocol init
INFO: Initializing ProtocolHandler ["ajp-bio-8009"]
May 31, 2013 4:54:59 PM org.apache.catalina.startup.Catalina load
INFO: Initialization processed in 3503 ms
May 31, 2013 4:54:59 PM org.apache.catalina.core.StandardService startInternal
INFO: Starting service Catalina
May 31, 2013 4:54:59 PM org.apache.catalina.core.StandardEngine startInternal
INFO: Starting Servlet Engine: Apache Tomcat/7.0.40
May 31, 2013 4:54:59 PM org.apache.catalina.startup.HostConfig deployDirectory
INFO: Deploying web application directory /Users/tylerfoster/Library/tomcat/webapps/docs
May 31, 2013 4:55:02 PM org.apache.catalina.util.SessionIdGenerator createSecureRandom
INFO: Creation of SecureRandom instance for session ID generation using [SHA1PRNG] took [441] milliseconds.
May 31, 2013 4:55:02 PM org.apache.catalina.startup.HostConfig deployDirectory
INFO: Deploying web application directory /Users/tylerfoster/Library/tomcat/webapps/examples
May 31, 2013 4:55:04 PM org.apache.catalina.startup.HostConfig deployDirectory
INFO: Deploying web application directory /Users/tylerfoster/Library/tomcat/webapps/host-manager
May 31, 2013 4:55:04 PM org.apache.catalina.startup.HostConfig deployDirectory
INFO: Deploying web application directory /Users/tylerfoster/Library/tomcat/webapps/manager
May 31, 2013 4:55:04 PM org.apache.catalina.startup.HostConfig deployDirectory
INFO: Deploying web application directory /Users/tylerfoster/Library/tomcat/webapps/ROOT
May 31, 2013 4:55:04 PM org.apache.catalina.startup.HostConfig deployDirectory
INFO: Deploying web application directory /Users/tylerfoster/Library/tomcat/webapps/todo
May 31, 2013 4:55:05 PM org.apache.coyote.AbstractProtocol start
INFO: Starting ProtocolHandler ["http-bio-8080"]
May 31, 2013 4:55:05 PM org.apache.coyote.AbstractProtocol start
INFO: Starting ProtocolHandler ["ajp-bio-8009"]
May 31, 2013 4:55:06 PM org.apache.catalina.startup.Catalina start
INFO: Server startup in 6387 ms
May 31, 2013 4:57:56 PM org.apache.catalina.core.StandardServer await
INFO: A valid shutdown command was received via the shutdown port. Stopping the Server instance.
May 31, 2013 4:57:56 PM org.apache.coyote.AbstractProtocol pause
INFO: Pausing ProtocolHandler ["http-bio-8080"]
May 31, 2013 4:57:56 PM org.apache.coyote.AbstractProtocol pause
INFO: Pausing ProtocolHandler ["ajp-bio-8009"]
May 31, 2013 4:57:56 PM org.apache.catalina.core.StandardService stopInternal
INFO: Stopping service Catalina
May 31, 2013 4:57:56 PM org.apache.coyote.AbstractProtocol stop
INFO: Stopping ProtocolHandler ["http-bio-8080"]
May 31, 2013 4:57:56 PM org.apache.coyote.AbstractProtocol stop
INFO: Stopping ProtocolHandler ["ajp-bio-8009"]
May 31, 2013 4:57:56 PM org.apache.coyote.AbstractProtocol destroy
INFO: Destroying ProtocolHandler ["http-bio-8080"]
May 31, 2013 4:57:56 PM org.apache.coyote.AbstractProtocol destroy
INFO: Destroying ProtocolHandler ["ajp-bio-8009"]
May 31, 2013 4:58:43 PM org.apache.catalina.core.AprLifecycleListener init
INFO: The APR based Apache Tomcat Native library which allows optimal performance in production environments was not found on the java.library.path: /Users/tylerfoster/Library/Java/Extensions:/Library/Java/Extensions:/Network/Library/Java/Extensions:/System/Library/Java/Extensions:/usr/lib/java:.
May 31, 2013 4:58:44 PM org.apache.coyote.AbstractProtocol init
INFO: Initializing ProtocolHandler ["http-bio-8080"]
May 31, 2013 4:58:44 PM org.apache.coyote.AbstractProtocol init
INFO: Initializing ProtocolHandler ["ajp-bio-8009"]
May 31, 2013 4:58:44 PM org.apache.catalina.startup.Catalina load
INFO: Initialization processed in 1411 ms
May 31, 2013 4:58:44 PM org.apache.catalina.core.StandardService startInternal
INFO: Starting service Catalina
May 31, 2013 4:58:44 PM org.apache.catalina.core.StandardEngine startInternal
INFO: Starting Servlet Engine: Apache Tomcat/7.0.40
May 31, 2013 4:58:44 PM org.apache.catalina.startup.HostConfig deployDirectory
INFO: Deploying web application directory /Users/tylerfoster/Library/tomcat/webapps/docs
May 31, 2013 4:58:45 PM org.apache.catalina.util.SessionIdGenerator createSecureRandom
INFO: Creation of SecureRandom instance for session ID generation using [SHA1PRNG] took [158] milliseconds.
May 31, 2013 4:58:45 PM org.apache.catalina.startup.HostConfig deployDirectory
INFO: Deploying web application directory /Users/tylerfoster/Library/tomcat/webapps/examples
May 31, 2013 4:58:45 PM org.apache.catalina.startup.HostConfig deployDirectory
INFO: Deploying web application directory /Users/tylerfoster/Library/tomcat/webapps/host-manager
May 31, 2013 4:58:45 PM org.apache.catalina.startup.HostConfig deployDirectory
INFO: Deploying web application directory /Users/tylerfoster/Library/tomcat/webapps/manager
May 31, 2013 4:58:46 PM org.apache.catalina.startup.HostConfig deployDirectory
INFO: Deploying web application directory /Users/tylerfoster/Library/tomcat/webapps/ROOT
May 31, 2013 4:58:46 PM org.apache.catalina.startup.HostConfig deployDirectory
INFO: Deploying web application directory /Users/tylerfoster/Library/tomcat/webapps/todo
May 31, 2013 4:58:46 PM org.apache.coyote.AbstractProtocol start
INFO: Starting ProtocolHandler ["http-bio-8080"]
May 31, 2013 4:58:46 PM org.apache.coyote.AbstractProtocol start
INFO: Starting ProtocolHandler ["ajp-bio-8009"]
May 31, 2013 4:58:46 PM org.apache.catalina.startup.Catalina start
INFO: Server startup in 1903 ms
May 31, 2013 5:04:08 PM org.apache.catalina.core.StandardServer await
INFO: A valid shutdown command was received via the shutdown port. Stopping the Server instance.
May 31, 2013 5:04:09 PM org.apache.coyote.AbstractProtocol pause
INFO: Pausing ProtocolHandler ["http-bio-8080"]
May 31, 2013 5:04:09 PM org.apache.coyote.AbstractProtocol pause
INFO: Pausing ProtocolHandler ["ajp-bio-8009"]
May 31, 2013 5:04:09 PM org.apache.catalina.core.StandardService stopInternal
INFO: Stopping service Catalina
May 31, 2013 5:04:09 PM org.apache.coyote.AbstractProtocol stop
INFO: Stopping ProtocolHandler ["http-bio-8080"]
May 31, 2013 5:04:09 PM org.apache.coyote.AbstractProtocol stop
INFO: Stopping ProtocolHandler ["ajp-bio-8009"]
May 31, 2013 5:04:09 PM org.apache.coyote.AbstractProtocol destroy
INFO: Destroying ProtocolHandler ["http-bio-8080"]
May 31, 2013 5:04:09 PM org.apache.coyote.AbstractProtocol destroy
INFO: Destroying ProtocolHandler ["ajp-bio-8009"]
May 31, 2013 5:28:34 PM org.apache.catalina.core.AprLifecycleListener init
INFO: The APR based Apache Tomcat Native library which allows optimal performance in production environments was not found on the java.library.path: /Users/tylerfoster/Library/Java/Extensions:/Library/Java/Extensions:/Network/Library/Java/Extensions:/System/Library/Java/Extensions:/usr/lib/java:.
May 31, 2013 5:28:35 PM org.apache.coyote.AbstractProtocol init
INFO: Initializing ProtocolHandler ["http-bio-8080"]
May 31, 2013 5:28:35 PM org.apache.coyote.AbstractProtocol init
INFO: Initializing ProtocolHandler ["ajp-bio-8009"]
May 31, 2013 5:28:35 PM org.apache.catalina.startup.Catalina load
INFO: Initialization processed in 1612 ms
May 31, 2013 5:28:35 PM org.apache.catalina.core.StandardService startInternal
INFO: Starting service Catalina
May 31, 2013 5:28:35 PM org.apache.catalina.core.StandardEngine startInternal
INFO: Starting Servlet Engine: Apache Tomcat/7.0.40
May 31, 2013 5:28:35 PM org.apache.catalina.startup.HostConfig deployDirectory
INFO: Deploying web application directory /Users/tylerfoster/Library/tomcat/webapps/docs
May 31, 2013 5:28:36 PM org.apache.catalina.util.SessionIdGenerator createSecureRandom
INFO: Creation of SecureRandom instance for session ID generation using [SHA1PRNG] took [133] milliseconds.
May 31, 2013 5:28:36 PM org.apache.catalina.startup.HostConfig deployDirectory
INFO: Deploying web application directory /Users/tylerfoster/Library/tomcat/webapps/examples
May 31, 2013 5:28:37 PM org.apache.catalina.startup.HostConfig deployDirectory
INFO: Deploying web application directory /Users/tylerfoster/Library/tomcat/webapps/host-manager
May 31, 2013 5:28:37 PM org.apache.catalina.startup.HostConfig deployDirectory
INFO: Deploying web application directory /Users/tylerfoster/Library/tomcat/webapps/manager
May 31, 2013 5:28:37 PM org.apache.catalina.startup.HostConfig deployDirectory
INFO: Deploying web application directory /Users/tylerfoster/Library/tomcat/webapps/ROOT
May 31, 2013 5:28:37 PM org.apache.catalina.startup.HostConfig deployDirectory
INFO: Deploying web application directory /Users/tylerfoster/Library/tomcat/webapps/todo
May 31, 2013 5:28:38 PM org.apache.coyote.AbstractProtocol start
INFO: Starting ProtocolHandler ["http-bio-8080"]
May 31, 2013 5:28:38 PM org.apache.coyote.AbstractProtocol start
INFO: Starting ProtocolHandler ["ajp-bio-8009"]
May 31, 2013 5:28:38 PM org.apache.catalina.startup.Catalina start
INFO: Server startup in 3195 ms
May 31, 2013 5:43:16 PM org.apache.catalina.core.StandardServer await
INFO: A valid shutdown command was received via the shutdown port. Stopping the Server instance.
May 31, 2013 5:43:16 PM org.apache.coyote.AbstractProtocol pause
INFO: Pausing ProtocolHandler ["http-bio-8080"]
May 31, 2013 5:43:16 PM org.apache.coyote.AbstractProtocol pause
INFO: Pausing ProtocolHandler ["ajp-bio-8009"]
May 31, 2013 5:43:16 PM org.apache.catalina.core.StandardService stopInternal
INFO: Stopping service Catalina
May 31, 2013 5:43:16 PM org.apache.coyote.AbstractProtocol stop
INFO: Stopping ProtocolHandler ["http-bio-8080"]
May 31, 2013 5:43:16 PM org.apache.coyote.AbstractProtocol stop
INFO: Stopping ProtocolHandler ["ajp-bio-8009"]
May 31, 2013 5:43:16 PM org.apache.coyote.AbstractProtocol destroy
INFO: Destroying ProtocolHandler ["http-bio-8080"]
May 31, 2013 5:43:16 PM org.apache.coyote.AbstractProtocol destroy
INFO: Destroying ProtocolHandler ["ajp-bio-8009"]
