May 21, 2013 12:55:47 PM org.apache.catalina.core.AprLifecycleListener init
INFO: The APR based Apache Tomcat Native library which allows optimal performance in production environments was not found on the java.library.path: /Users/tylerfoster/Library/Java/Extensions:/Library/Java/Extensions:/Network/Library/Java/Extensions:/System/Library/Java/Extensions:/usr/lib/java:.
May 21, 2013 12:55:49 PM org.apache.coyote.AbstractProtocol init
INFO: Initializing ProtocolHandler ["http-bio-8080"]
May 21, 2013 12:55:49 PM org.apache.coyote.AbstractProtocol init
INFO: Initializing ProtocolHandler ["ajp-bio-8009"]
May 21, 2013 12:55:49 PM org.apache.catalina.startup.Catalina load
INFO: Initialization processed in 2801 ms
May 21, 2013 12:55:49 PM org.apache.catalina.core.StandardService startInternal
INFO: Starting service Catalina
May 21, 2013 12:55:49 PM org.apache.catalina.core.StandardEngine startInternal
INFO: Starting Servlet Engine: Apache Tomcat/7.0.40
May 21, 2013 12:55:49 PM org.apache.catalina.startup.HostConfig deployDirectory
INFO: Deploying web application directory /usr/local/tomcat/webapps/docs
May 21, 2013 12:55:50 PM org.apache.catalina.util.SessionIdGenerator createSecureRandom
INFO: Creation of SecureRandom instance for session ID generation using [SHA1PRNG] took [298] milliseconds.
May 21, 2013 12:55:50 PM org.apache.catalina.startup.HostConfig deployDirectory
INFO: Deploying web application directory /usr/local/tomcat/webapps/examples
May 21, 2013 12:55:50 PM org.apache.catalina.startup.HostConfig deployDirectory
INFO: Deploying web application directory /usr/local/tomcat/webapps/host-manager
May 21, 2013 12:55:50 PM org.apache.catalina.startup.HostConfig deployDirectory
INFO: Deploying web application directory /usr/local/tomcat/webapps/manager
May 21, 2013 12:55:50 PM org.apache.catalina.startup.HostConfig deployDirectory
INFO: Deploying web application directory /usr/local/tomcat/webapps/ROOT
May 21, 2013 12:55:50 PM org.apache.coyote.AbstractProtocol start
INFO: Starting ProtocolHandler ["http-bio-8080"]
May 21, 2013 12:55:50 PM org.apache.coyote.AbstractProtocol start
INFO: Starting ProtocolHandler ["ajp-bio-8009"]
May 21, 2013 12:55:50 PM org.apache.catalina.startup.Catalina start
INFO: Server startup in 1561 ms
May 21, 2013 12:58:16 PM org.apache.catalina.core.StandardServer await
INFO: A valid shutdown command was received via the shutdown port. Stopping the Server instance.
May 21, 2013 12:58:16 PM org.apache.coyote.AbstractProtocol pause
INFO: Pausing ProtocolHandler ["http-bio-8080"]
May 21, 2013 12:58:16 PM org.apache.coyote.AbstractProtocol pause
INFO: Pausing ProtocolHandler ["ajp-bio-8009"]
May 21, 2013 12:58:16 PM org.apache.catalina.core.StandardService stopInternal
INFO: Stopping service Catalina
May 21, 2013 12:58:16 PM org.apache.coyote.AbstractProtocol stop
INFO: Stopping ProtocolHandler ["http-bio-8080"]
May 21, 2013 12:58:16 PM org.apache.coyote.AbstractProtocol stop
INFO: Stopping ProtocolHandler ["ajp-bio-8009"]
May 21, 2013 12:58:16 PM org.apache.coyote.AbstractProtocol destroy
INFO: Destroying ProtocolHandler ["http-bio-8080"]
May 21, 2013 12:58:16 PM org.apache.coyote.AbstractProtocol destroy
INFO: Destroying ProtocolHandler ["ajp-bio-8009"]
May 21, 2013 1:02:42 PM org.apache.catalina.core.AprLifecycleListener init
INFO: The APR based Apache Tomcat Native library which allows optimal performance in production environments was not found on the java.library.path: /Users/tylerfoster/Library/Java/Extensions:/Library/Java/Extensions:/Network/Library/Java/Extensions:/System/Library/Java/Extensions:/usr/lib/java:.
May 21, 2013 1:02:42 PM org.apache.coyote.AbstractProtocol init
INFO: Initializing ProtocolHandler ["http-bio-8080"]
May 21, 2013 1:02:42 PM org.apache.coyote.AbstractProtocol init
INFO: Initializing ProtocolHandler ["ajp-bio-8009"]
May 21, 2013 1:02:42 PM org.apache.catalina.startup.Catalina load
INFO: Initialization processed in 1158 ms
May 21, 2013 1:02:42 PM org.apache.catalina.core.StandardService startInternal
INFO: Starting service Catalina
May 21, 2013 1:02:42 PM org.apache.catalina.core.StandardEngine startInternal
INFO: Starting Servlet Engine: Apache Tomcat/7.0.40
May 21, 2013 1:02:42 PM org.apache.catalina.startup.HostConfig deployDirectory
INFO: Deploying web application directory /Users/tylerfoster/Library/tomcat/webapps/docs
May 21, 2013 1:02:43 PM org.apache.catalina.util.SessionIdGenerator createSecureRandom
INFO: Creation of SecureRandom instance for session ID generation using [SHA1PRNG] took [183] milliseconds.
May 21, 2013 1:02:43 PM org.apache.catalina.startup.HostConfig deployDirectory
INFO: Deploying web application directory /Users/tylerfoster/Library/tomcat/webapps/examples
May 21, 2013 1:02:44 PM org.apache.catalina.startup.HostConfig deployDirectory
INFO: Deploying web application directory /Users/tylerfoster/Library/tomcat/webapps/host-manager
May 21, 2013 1:02:44 PM org.apache.catalina.startup.HostConfig deployDirectory
INFO: Deploying web application directory /Users/tylerfoster/Library/tomcat/webapps/manager
May 21, 2013 1:02:44 PM org.apache.catalina.startup.HostConfig deployDirectory
INFO: Deploying web application directory /Users/tylerfoster/Library/tomcat/webapps/ROOT
May 21, 2013 1:02:44 PM org.apache.coyote.AbstractProtocol start
INFO: Starting ProtocolHandler ["http-bio-8080"]
May 21, 2013 1:02:44 PM org.apache.coyote.AbstractProtocol start
INFO: Starting ProtocolHandler ["ajp-bio-8009"]
May 21, 2013 1:02:44 PM org.apache.catalina.startup.Catalina start
INFO: Server startup in 1203 ms
May 21, 2013 1:03:49 PM org.apache.catalina.core.StandardServer await
INFO: A valid shutdown command was received via the shutdown port. Stopping the Server instance.
May 21, 2013 1:03:49 PM org.apache.coyote.AbstractProtocol pause
INFO: Pausing ProtocolHandler ["http-bio-8080"]
May 21, 2013 1:03:49 PM org.apache.coyote.AbstractProtocol pause
INFO: Pausing ProtocolHandler ["ajp-bio-8009"]
May 21, 2013 1:03:49 PM org.apache.catalina.core.StandardService stopInternal
INFO: Stopping service Catalina
May 21, 2013 1:03:49 PM org.apache.coyote.AbstractProtocol stop
INFO: Stopping ProtocolHandler ["http-bio-8080"]
May 21, 2013 1:03:49 PM org.apache.coyote.AbstractProtocol stop
INFO: Stopping ProtocolHandler ["ajp-bio-8009"]
May 21, 2013 1:03:49 PM org.apache.coyote.AbstractProtocol destroy
INFO: Destroying ProtocolHandler ["http-bio-8080"]
May 21, 2013 1:03:49 PM org.apache.coyote.AbstractProtocol destroy
INFO: Destroying ProtocolHandler ["ajp-bio-8009"]
May 22, 2013 10:15:16 AM org.apache.catalina.core.AprLifecycleListener init
INFO: The APR based Apache Tomcat Native library which allows optimal performance in production environments was not found on the java.library.path: /Users/tylerfoster/Library/Java/Extensions:/Library/Java/Extensions:/Network/Library/Java/Extensions:/System/Library/Java/Extensions:/usr/lib/java:.
May 22, 2013 10:15:18 AM org.apache.coyote.AbstractProtocol init
INFO: Initializing ProtocolHandler ["http-bio-8080"]
May 22, 2013 10:15:18 AM org.apache.coyote.AbstractProtocol init
INFO: Initializing ProtocolHandler ["ajp-bio-8009"]
May 22, 2013 10:15:18 AM org.apache.catalina.startup.Catalina load
INFO: Initialization processed in 4759 ms
May 22, 2013 10:15:18 AM org.apache.catalina.core.StandardService startInternal
INFO: Starting service Catalina
May 22, 2013 10:15:18 AM org.apache.catalina.core.StandardEngine startInternal
INFO: Starting Servlet Engine: Apache Tomcat/7.0.40
May 22, 2013 10:15:18 AM org.apache.catalina.startup.HostConfig deployDirectory
INFO: Deploying web application directory /Users/tylerfoster/Library/tomcat/webapps/docs
May 22, 2013 10:15:20 AM org.apache.catalina.startup.HostConfig deployDirectory
INFO: Deploying web application directory /Users/tylerfoster/Library/tomcat/webapps/examples
May 22, 2013 10:15:21 AM org.apache.catalina.startup.HostConfig deployDirectory
INFO: Deploying web application directory /Users/tylerfoster/Library/tomcat/webapps/host-manager
May 22, 2013 10:15:21 AM org.apache.catalina.startup.HostConfig deployDirectory
INFO: Deploying web application directory /Users/tylerfoster/Library/tomcat/webapps/manager
May 22, 2013 10:15:21 AM org.apache.catalina.startup.HostConfig deployDirectory
INFO: Deploying web application directory /Users/tylerfoster/Library/tomcat/webapps/ROOT
May 22, 2013 10:15:21 AM org.apache.coyote.AbstractProtocol start
INFO: Starting ProtocolHandler ["http-bio-8080"]
May 22, 2013 10:15:21 AM org.apache.coyote.AbstractProtocol start
INFO: Starting ProtocolHandler ["ajp-bio-8009"]
May 22, 2013 10:15:21 AM org.apache.catalina.startup.Catalina start
INFO: Server startup in 3311 ms
May 22, 2013 10:27:46 AM org.apache.catalina.core.StandardServer await
INFO: A valid shutdown command was received via the shutdown port. Stopping the Server instance.
May 22, 2013 10:27:46 AM org.apache.coyote.AbstractProtocol pause
INFO: Pausing ProtocolHandler ["http-bio-8080"]
May 22, 2013 10:27:46 AM org.apache.coyote.AbstractProtocol pause
INFO: Pausing ProtocolHandler ["ajp-bio-8009"]
May 22, 2013 10:27:46 AM org.apache.catalina.core.StandardService stopInternal
INFO: Stopping service Catalina
May 22, 2013 10:27:46 AM org.apache.coyote.AbstractProtocol stop
INFO: Stopping ProtocolHandler ["http-bio-8080"]
May 22, 2013 10:27:46 AM org.apache.coyote.AbstractProtocol stop
INFO: Stopping ProtocolHandler ["ajp-bio-8009"]
May 22, 2013 10:27:46 AM org.apache.coyote.AbstractProtocol destroy
INFO: Destroying ProtocolHandler ["http-bio-8080"]
May 22, 2013 10:27:46 AM org.apache.coyote.AbstractProtocol destroy
INFO: Destroying ProtocolHandler ["ajp-bio-8009"]
May 22, 2013 10:45:27 AM org.apache.catalina.core.AprLifecycleListener init
INFO: The APR based Apache Tomcat Native library which allows optimal performance in production environments was not found on the java.library.path: /Users/tylerfoster/Library/Java/Extensions:/Library/Java/Extensions:/Network/Library/Java/Extensions:/System/Library/Java/Extensions:/usr/lib/java:.
May 22, 2013 10:45:27 AM org.apache.coyote.AbstractProtocol init
INFO: Initializing ProtocolHandler ["http-bio-8080"]
May 22, 2013 10:45:27 AM org.apache.coyote.AbstractProtocol init
INFO: Initializing ProtocolHandler ["ajp-bio-8009"]
May 22, 2013 10:45:27 AM org.apache.catalina.startup.Catalina load
INFO: Initialization processed in 1227 ms
May 22, 2013 10:45:27 AM org.apache.catalina.core.StandardService startInternal
INFO: Starting service Catalina
May 22, 2013 10:45:27 AM org.apache.catalina.core.StandardEngine startInternal
INFO: Starting Servlet Engine: Apache Tomcat/7.0.40
May 22, 2013 10:45:27 AM org.apache.catalina.startup.HostConfig deployDirectory
INFO: Deploying web application directory /Users/tylerfoster/Library/tomcat/webapps/docs
May 22, 2013 10:45:28 AM org.apache.catalina.startup.HostConfig deployDirectory
INFO: Deploying web application directory /Users/tylerfoster/Library/tomcat/webapps/examples
May 22, 2013 10:45:28 AM org.apache.catalina.startup.HostConfig deployDirectory
INFO: Deploying web application directory /Users/tylerfoster/Library/tomcat/webapps/host-manager
May 22, 2013 10:45:28 AM org.apache.catalina.startup.HostConfig deployDirectory
INFO: Deploying web application directory /Users/tylerfoster/Library/tomcat/webapps/manager
May 22, 2013 10:45:29 AM org.apache.catalina.startup.HostConfig deployDirectory
INFO: Deploying web application directory /Users/tylerfoster/Library/tomcat/webapps/ROOT
May 22, 2013 10:45:29 AM org.apache.coyote.AbstractProtocol start
INFO: Starting ProtocolHandler ["http-bio-8080"]
May 22, 2013 10:45:29 AM org.apache.coyote.AbstractProtocol start
INFO: Starting ProtocolHandler ["ajp-bio-8009"]
May 22, 2013 10:45:29 AM org.apache.catalina.startup.Catalina start
INFO: Server startup in 1234 ms
May 22, 2013 10:48:29 AM org.apache.catalina.core.AprLifecycleListener init
INFO: The APR based Apache Tomcat Native library which allows optimal performance in production environments was not found on the java.library.path: /Users/tylerfoster/Library/Java/Extensions:/Library/Java/Extensions:/Network/Library/Java/Extensions:/System/Library/Java/Extensions:/usr/lib/java:.
May 22, 2013 10:48:29 AM org.apache.coyote.AbstractProtocol init
INFO: Initializing ProtocolHandler ["http-bio-8080"]
May 22, 2013 10:48:29 AM org.apache.coyote.AbstractProtocol init
SEVERE: Failed to initialize end point associated with ProtocolHandler ["http-bio-8080"]
java.net.BindException: Address already in use <null>:8080
	at org.apache.tomcat.util.net.JIoEndpoint.bind(JIoEndpoint.java:406)
	at org.apache.tomcat.util.net.AbstractEndpoint.init(AbstractEndpoint.java:610)
	at org.apache.coyote.AbstractProtocol.init(AbstractProtocol.java:429)
	at org.apache.coyote.http11.AbstractHttp11JsseProtocol.init(AbstractHttp11JsseProtocol.java:119)
	at org.apache.catalina.connector.Connector.initInternal(Connector.java:981)
	at org.apache.catalina.util.LifecycleBase.init(LifecycleBase.java:102)
	at org.apache.catalina.core.StandardService.initInternal(StandardService.java:559)
	at org.apache.catalina.util.LifecycleBase.init(LifecycleBase.java:102)
	at org.apache.catalina.core.StandardServer.initInternal(StandardServer.java:814)
	at org.apache.catalina.util.LifecycleBase.init(LifecycleBase.java:102)
	at org.apache.catalina.startup.Catalina.load(Catalina.java:633)
	at org.apache.catalina.startup.Catalina.load(Catalina.java:658)
	at sun.reflect.NativeMethodAccessorImpl.invoke0(Native Method)
	at sun.reflect.NativeMethodAccessorImpl.invoke(NativeMethodAccessorImpl.java:57)
	at sun.reflect.DelegatingMethodAccessorImpl.invoke(DelegatingMethodAccessorImpl.java:43)
	at java.lang.reflect.Method.invoke(Method.java:601)
	at org.apache.catalina.startup.Bootstrap.load(Bootstrap.java:281)
	at org.apache.catalina.startup.Bootstrap.main(Bootstrap.java:455)
Caused by: java.net.BindException: Address already in use
	at java.net.PlainSocketImpl.socketBind(Native Method)
	at java.net.AbstractPlainSocketImpl.bind(AbstractPlainSocketImpl.java:376)
	at java.net.ServerSocket.bind(ServerSocket.java:376)
	at java.net.ServerSocket.<init>(ServerSocket.java:237)
	at java.net.ServerSocket.<init>(ServerSocket.java:181)
	at org.apache.tomcat.util.net.DefaultServerSocketFactory.createSocket(DefaultServerSocketFactory.java:49)
	at org.apache.tomcat.util.net.JIoEndpoint.bind(JIoEndpoint.java:393)
	... 17 more

May 22, 2013 10:48:29 AM org.apache.catalina.core.StandardService initInternal
SEVERE: Failed to initialize connector [Connector[HTTP/1.1-8080]]
org.apache.catalina.LifecycleException: Failed to initialize component [Connector[HTTP/1.1-8080]]
	at org.apache.catalina.util.LifecycleBase.init(LifecycleBase.java:106)
	at org.apache.catalina.core.StandardService.initInternal(StandardService.java:559)
	at org.apache.catalina.util.LifecycleBase.init(LifecycleBase.java:102)
	at org.apache.catalina.core.StandardServer.initInternal(StandardServer.java:814)
	at org.apache.catalina.util.LifecycleBase.init(LifecycleBase.java:102)
	at org.apache.catalina.startup.Catalina.load(Catalina.java:633)
	at org.apache.catalina.startup.Catalina.load(Catalina.java:658)
	at sun.reflect.NativeMethodAccessorImpl.invoke0(Native Method)
	at sun.reflect.NativeMethodAccessorImpl.invoke(NativeMethodAccessorImpl.java:57)
	at sun.reflect.DelegatingMethodAccessorImpl.invoke(DelegatingMethodAccessorImpl.java:43)
	at java.lang.reflect.Method.invoke(Method.java:601)
	at org.apache.catalina.startup.Bootstrap.load(Bootstrap.java:281)
	at org.apache.catalina.startup.Bootstrap.main(Bootstrap.java:455)
Caused by: org.apache.catalina.LifecycleException: Protocol handler initialization failed
	at org.apache.catalina.connector.Connector.initInternal(Connector.java:983)
	at org.apache.catalina.util.LifecycleBase.init(LifecycleBase.java:102)
	... 12 more
Caused by: java.net.BindException: Address already in use <null>:8080
	at org.apache.tomcat.util.net.JIoEndpoint.bind(JIoEndpoint.java:406)
	at org.apache.tomcat.util.net.AbstractEndpoint.init(AbstractEndpoint.java:610)
	at org.apache.coyote.AbstractProtocol.init(AbstractProtocol.java:429)
	at org.apache.coyote.http11.AbstractHttp11JsseProtocol.init(AbstractHttp11JsseProtocol.java:119)
	at org.apache.catalina.connector.Connector.initInternal(Connector.java:981)
	... 13 more
Caused by: java.net.BindException: Address already in use
	at java.net.PlainSocketImpl.socketBind(Native Method)
	at java.net.AbstractPlainSocketImpl.bind(AbstractPlainSocketImpl.java:376)
	at java.net.ServerSocket.bind(ServerSocket.java:376)
	at java.net.ServerSocket.<init>(ServerSocket.java:237)
	at java.net.ServerSocket.<init>(ServerSocket.java:181)
	at org.apache.tomcat.util.net.DefaultServerSocketFactory.createSocket(DefaultServerSocketFactory.java:49)
	at org.apache.tomcat.util.net.JIoEndpoint.bind(JIoEndpoint.java:393)
	... 17 more

May 22, 2013 10:48:29 AM org.apache.coyote.AbstractProtocol init
INFO: Initializing ProtocolHandler ["ajp-bio-8009"]
May 22, 2013 10:48:29 AM org.apache.coyote.AbstractProtocol init
SEVERE: Failed to initialize end point associated with ProtocolHandler ["ajp-bio-8009"]
java.net.BindException: Address already in use <null>:8009
	at org.apache.tomcat.util.net.JIoEndpoint.bind(JIoEndpoint.java:406)
	at org.apache.tomcat.util.net.AbstractEndpoint.init(AbstractEndpoint.java:610)
	at org.apache.coyote.AbstractProtocol.init(AbstractProtocol.java:429)
	at org.apache.catalina.connector.Connector.initInternal(Connector.java:981)
	at org.apache.catalina.util.LifecycleBase.init(LifecycleBase.java:102)
	at org.apache.catalina.core.StandardService.initInternal(StandardService.java:559)
	at org.apache.catalina.util.LifecycleBase.init(LifecycleBase.java:102)
	at org.apache.catalina.core.StandardServer.initInternal(StandardServer.java:814)
	at org.apache.catalina.util.LifecycleBase.init(LifecycleBase.java:102)
	at org.apache.catalina.startup.Catalina.load(Catalina.java:633)
	at org.apache.catalina.startup.Catalina.load(Catalina.java:658)
	at sun.reflect.NativeMethodAccessorImpl.invoke0(Native Method)
	at sun.reflect.NativeMethodAccessorImpl.invoke(NativeMethodAccessorImpl.java:57)
	at sun.reflect.DelegatingMethodAccessorImpl.invoke(DelegatingMethodAccessorImpl.java:43)
	at java.lang.reflect.Method.invoke(Method.java:601)
	at org.apache.catalina.startup.Bootstrap.load(Bootstrap.java:281)
	at org.apache.catalina.startup.Bootstrap.main(Bootstrap.java:455)
Caused by: java.net.BindException: Address already in use
	at java.net.PlainSocketImpl.socketBind(Native Method)
	at java.net.AbstractPlainSocketImpl.bind(AbstractPlainSocketImpl.java:376)
	at java.net.ServerSocket.bind(ServerSocket.java:376)
	at java.net.ServerSocket.<init>(ServerSocket.java:237)
	at java.net.ServerSocket.<init>(ServerSocket.java:181)
	at org.apache.tomcat.util.net.DefaultServerSocketFactory.createSocket(DefaultServerSocketFactory.java:49)
	at org.apache.tomcat.util.net.JIoEndpoint.bind(JIoEndpoint.java:393)
	... 16 more

May 22, 2013 10:48:29 AM org.apache.catalina.core.StandardService initInternal
SEVERE: Failed to initialize connector [Connector[AJP/1.3-8009]]
org.apache.catalina.LifecycleException: Failed to initialize component [Connector[AJP/1.3-8009]]
	at org.apache.catalina.util.LifecycleBase.init(LifecycleBase.java:106)
	at org.apache.catalina.core.StandardService.initInternal(StandardService.java:559)
	at org.apache.catalina.util.LifecycleBase.init(LifecycleBase.java:102)
	at org.apache.catalina.core.StandardServer.initInternal(StandardServer.java:814)
	at org.apache.catalina.util.LifecycleBase.init(LifecycleBase.java:102)
	at org.apache.catalina.startup.Catalina.load(Catalina.java:633)
	at org.apache.catalina.startup.Catalina.load(Catalina.java:658)
	at sun.reflect.NativeMethodAccessorImpl.invoke0(Native Method)
	at sun.reflect.NativeMethodAccessorImpl.invoke(NativeMethodAccessorImpl.java:57)
	at sun.reflect.DelegatingMethodAccessorImpl.invoke(DelegatingMethodAccessorImpl.java:43)
	at java.lang.reflect.Method.invoke(Method.java:601)
	at org.apache.catalina.startup.Bootstrap.load(Bootstrap.java:281)
	at org.apache.catalina.startup.Bootstrap.main(Bootstrap.java:455)
Caused by: org.apache.catalina.LifecycleException: Protocol handler initialization failed
	at org.apache.catalina.connector.Connector.initInternal(Connector.java:983)
	at org.apache.catalina.util.LifecycleBase.init(LifecycleBase.java:102)
	... 12 more
Caused by: java.net.BindException: Address already in use <null>:8009
	at org.apache.tomcat.util.net.JIoEndpoint.bind(JIoEndpoint.java:406)
	at org.apache.tomcat.util.net.AbstractEndpoint.init(AbstractEndpoint.java:610)
	at org.apache.coyote.AbstractProtocol.init(AbstractProtocol.java:429)
	at org.apache.catalina.connector.Connector.initInternal(Connector.java:981)
	... 13 more
Caused by: java.net.BindException: Address already in use
	at java.net.PlainSocketImpl.socketBind(Native Method)
	at java.net.AbstractPlainSocketImpl.bind(AbstractPlainSocketImpl.java:376)
	at java.net.ServerSocket.bind(ServerSocket.java:376)
	at java.net.ServerSocket.<init>(ServerSocket.java:237)
	at java.net.ServerSocket.<init>(ServerSocket.java:181)
	at org.apache.tomcat.util.net.DefaultServerSocketFactory.createSocket(DefaultServerSocketFactory.java:49)
	at org.apache.tomcat.util.net.JIoEndpoint.bind(JIoEndpoint.java:393)
	... 16 more

May 22, 2013 10:48:29 AM org.apache.catalina.startup.Catalina load
INFO: Initialization processed in 1247 ms
May 22, 2013 10:48:29 AM org.apache.catalina.core.StandardService startInternal
INFO: Starting service Catalina
May 22, 2013 10:48:29 AM org.apache.catalina.core.StandardEngine startInternal
INFO: Starting Servlet Engine: Apache Tomcat/7.0.40
May 22, 2013 10:48:29 AM org.apache.catalina.startup.HostConfig deployDirectory
INFO: Deploying web application directory /Users/tylerfoster/Library/tomcat/webapps/docs
May 22, 2013 10:48:30 AM org.apache.catalina.startup.HostConfig deployDirectory
INFO: Deploying web application directory /Users/tylerfoster/Library/tomcat/webapps/examples
May 22, 2013 10:48:30 AM org.apache.catalina.startup.HostConfig deployDirectory
INFO: Deploying web application directory /Users/tylerfoster/Library/tomcat/webapps/host-manager
May 22, 2013 10:48:30 AM org.apache.catalina.startup.HostConfig deployDirectory
INFO: Deploying web application directory /Users/tylerfoster/Library/tomcat/webapps/manager
May 22, 2013 10:48:31 AM org.apache.catalina.startup.HostConfig deployDirectory
INFO: Deploying web application directory /Users/tylerfoster/Library/tomcat/webapps/ROOT
May 22, 2013 10:48:31 AM org.apache.catalina.startup.Catalina start
INFO: Server startup in 1199 ms
May 22, 2013 10:48:31 AM org.apache.catalina.core.StandardServer await
SEVERE: StandardServer.await: create[localhost:8005]: 
java.net.BindException: Address already in use
	at java.net.PlainSocketImpl.socketBind(Native Method)
	at java.net.AbstractPlainSocketImpl.bind(AbstractPlainSocketImpl.java:376)
	at java.net.ServerSocket.bind(ServerSocket.java:376)
	at java.net.ServerSocket.<init>(ServerSocket.java:237)
	at org.apache.catalina.core.StandardServer.await(StandardServer.java:427)
	at org.apache.catalina.startup.Catalina.await(Catalina.java:766)
	at org.apache.catalina.startup.Catalina.start(Catalina.java:712)
	at sun.reflect.NativeMethodAccessorImpl.invoke0(Native Method)
	at sun.reflect.NativeMethodAccessorImpl.invoke(NativeMethodAccessorImpl.java:57)
	at sun.reflect.DelegatingMethodAccessorImpl.invoke(DelegatingMethodAccessorImpl.java:43)
	at java.lang.reflect.Method.invoke(Method.java:601)
	at org.apache.catalina.startup.Bootstrap.start(Bootstrap.java:322)
	at org.apache.catalina.startup.Bootstrap.main(Bootstrap.java:456)

May 22, 2013 10:48:31 AM org.apache.coyote.AbstractProtocol pause
INFO: Pausing ProtocolHandler ["http-bio-8080"]
May 22, 2013 10:48:31 AM org.apache.coyote.AbstractProtocol pause
INFO: Pausing ProtocolHandler ["ajp-bio-8009"]
May 22, 2013 10:48:31 AM org.apache.catalina.core.StandardService stopInternal
INFO: Stopping service Catalina
May 22, 2013 10:48:31 AM org.apache.coyote.AbstractProtocol stop
INFO: Stopping ProtocolHandler ["http-bio-8080"]
May 22, 2013 10:48:31 AM org.apache.coyote.AbstractProtocol destroy
INFO: Destroying ProtocolHandler ["http-bio-8080"]
May 22, 2013 10:48:31 AM org.apache.coyote.AbstractProtocol stop
INFO: Stopping ProtocolHandler ["ajp-bio-8009"]
May 22, 2013 10:48:31 AM org.apache.coyote.AbstractProtocol destroy
INFO: Destroying ProtocolHandler ["ajp-bio-8009"]
May 22, 2013 11:38:24 AM org.apache.catalina.startup.HostConfig deployDirectory
INFO: Deploying web application directory /Users/tylerfoster/Library/tomcat/webapps/todo
In doGet()
In doPost()
operation is POST
In doPost()
operation is PUT
Delegating to doPut().
In doPut()
In doPost()
operation is DELETE
Delegating to doDelete().
In doDelete()
In doGet()
In doPost()
operation is POST
In doPost()
operation is PUT
Delegating to doPut().
In doPut()
In doGet()
In doGet()
In doPost()
operation is DELETE
Delegating to doDelete().
In doDelete()
In doGet()
In doPost()
operation is POST
In doPost()
operation is PUT
Delegating to doPut().
In doPut()
In doPost()
operation is POST
In doPost()
operation is PUT
Delegating to doPut().
In doPut()
In doPost()
operation is PUT
Delegating to doPut().
In doPut()
In doGet()
In doPost()
operation is DELETE
Delegating to doDelete().
In doDelete()
In doPost()
operation is DELETE
Delegating to doDelete().
In doDelete()
May 22, 2013 11:50:54 AM org.apache.catalina.core.StandardServer await
INFO: A valid shutdown command was received via the shutdown port. Stopping the Server instance.
May 22, 2013 11:50:54 AM org.apache.coyote.AbstractProtocol pause
INFO: Pausing ProtocolHandler ["http-bio-8080"]
May 22, 2013 11:50:54 AM org.apache.coyote.AbstractProtocol pause
INFO: Pausing ProtocolHandler ["ajp-bio-8009"]
May 22, 2013 11:50:54 AM org.apache.catalina.core.StandardService stopInternal
INFO: Stopping service Catalina
May 22, 2013 11:50:54 AM org.apache.coyote.AbstractProtocol stop
INFO: Stopping ProtocolHandler ["http-bio-8080"]
May 22, 2013 11:50:54 AM org.apache.coyote.AbstractProtocol stop
INFO: Stopping ProtocolHandler ["ajp-bio-8009"]
May 22, 2013 11:50:54 AM org.apache.coyote.AbstractProtocol destroy
INFO: Destroying ProtocolHandler ["http-bio-8080"]
May 22, 2013 11:50:54 AM org.apache.coyote.AbstractProtocol destroy
INFO: Destroying ProtocolHandler ["ajp-bio-8009"]
May 22, 2013 11:51:20 AM org.apache.catalina.core.AprLifecycleListener init
INFO: The APR based Apache Tomcat Native library which allows optimal performance in production environments was not found on the java.library.path: /Users/tylerfoster/Library/Java/Extensions:/Library/Java/Extensions:/Network/Library/Java/Extensions:/System/Library/Java/Extensions:/usr/lib/java:.
May 22, 2013 11:51:20 AM org.apache.coyote.AbstractProtocol init
INFO: Initializing ProtocolHandler ["http-bio-8080"]
May 22, 2013 11:51:20 AM org.apache.coyote.AbstractProtocol init
INFO: Initializing ProtocolHandler ["ajp-bio-8009"]
May 22, 2013 11:51:20 AM org.apache.catalina.startup.Catalina load
INFO: Initialization processed in 1310 ms
May 22, 2013 11:51:21 AM org.apache.catalina.core.StandardService startInternal
INFO: Starting service Catalina
May 22, 2013 11:51:21 AM org.apache.catalina.core.StandardEngine startInternal
INFO: Starting Servlet Engine: Apache Tomcat/7.0.40
May 22, 2013 11:51:21 AM org.apache.catalina.startup.HostConfig deployDirectory
INFO: Deploying web application directory /Users/tylerfoster/Library/tomcat/webapps/docs
May 22, 2013 11:51:21 AM org.apache.catalina.startup.HostConfig deployDirectory
INFO: Deploying web application directory /Users/tylerfoster/Library/tomcat/webapps/examples
May 22, 2013 11:51:22 AM org.apache.catalina.startup.HostConfig deployDirectory
INFO: Deploying web application directory /Users/tylerfoster/Library/tomcat/webapps/host-manager
May 22, 2013 11:51:22 AM org.apache.catalina.startup.HostConfig deployDirectory
INFO: Deploying web application directory /Users/tylerfoster/Library/tomcat/webapps/manager
May 22, 2013 11:51:22 AM org.apache.catalina.startup.HostConfig deployDirectory
INFO: Deploying web application directory /Users/tylerfoster/Library/tomcat/webapps/ROOT
May 22, 2013 11:51:22 AM org.apache.catalina.startup.HostConfig deployDirectory
INFO: Deploying web application directory /Users/tylerfoster/Library/tomcat/webapps/todo
May 22, 2013 11:51:22 AM org.apache.coyote.AbstractProtocol start
INFO: Starting ProtocolHandler ["http-bio-8080"]
May 22, 2013 11:51:22 AM org.apache.coyote.AbstractProtocol start
INFO: Starting ProtocolHandler ["ajp-bio-8009"]
May 22, 2013 11:51:22 AM org.apache.catalina.startup.Catalina start
INFO: Server startup in 1484 ms
In doGet()
In doPost()
operation is POST
In doPost()
operation is DELETE
Delegating to doDelete().
In doDelete()
May 22, 2013 11:51:42 AM org.apache.catalina.core.StandardServer await
INFO: A valid shutdown command was received via the shutdown port. Stopping the Server instance.
May 22, 2013 11:51:42 AM org.apache.coyote.AbstractProtocol pause
INFO: Pausing ProtocolHandler ["http-bio-8080"]
May 22, 2013 11:51:42 AM org.apache.coyote.AbstractProtocol pause
INFO: Pausing ProtocolHandler ["ajp-bio-8009"]
May 22, 2013 11:51:42 AM org.apache.catalina.core.StandardService stopInternal
INFO: Stopping service Catalina
May 22, 2013 11:51:43 AM org.apache.coyote.AbstractProtocol stop
INFO: Stopping ProtocolHandler ["http-bio-8080"]
May 22, 2013 11:51:43 AM org.apache.coyote.AbstractProtocol stop
INFO: Stopping ProtocolHandler ["ajp-bio-8009"]
May 22, 2013 11:51:43 AM org.apache.coyote.AbstractProtocol destroy
INFO: Destroying ProtocolHandler ["http-bio-8080"]
May 22, 2013 11:51:43 AM org.apache.coyote.AbstractProtocol destroy
INFO: Destroying ProtocolHandler ["ajp-bio-8009"]
May 22, 2013 4:56:58 PM org.apache.catalina.core.AprLifecycleListener init
INFO: The APR based Apache Tomcat Native library which allows optimal performance in production environments was not found on the java.library.path: /Users/tylerfoster/Library/Java/Extensions:/Library/Java/Extensions:/Network/Library/Java/Extensions:/System/Library/Java/Extensions:/usr/lib/java:.
May 22, 2013 4:57:03 PM org.apache.coyote.AbstractProtocol init
INFO: Initializing ProtocolHandler ["http-bio-8080"]
May 22, 2013 4:57:03 PM org.apache.coyote.AbstractProtocol init
INFO: Initializing ProtocolHandler ["ajp-bio-8009"]
May 22, 2013 4:57:03 PM org.apache.catalina.startup.Catalina load
INFO: Initialization processed in 6461 ms
May 22, 2013 4:57:04 PM org.apache.catalina.core.StandardService startInternal
INFO: Starting service Catalina
May 22, 2013 4:57:04 PM org.apache.catalina.core.StandardEngine startInternal
INFO: Starting Servlet Engine: Apache Tomcat/7.0.40
May 22, 2013 4:57:04 PM org.apache.catalina.startup.HostConfig deployDirectory
INFO: Deploying web application directory /Users/tylerfoster/Library/tomcat/webapps/docs
May 22, 2013 4:57:05 PM org.apache.catalina.util.SessionIdGenerator createSecureRandom
INFO: Creation of SecureRandom instance for session ID generation using [SHA1PRNG] took [121] milliseconds.
May 22, 2013 4:57:05 PM org.apache.catalina.startup.HostConfig deployDirectory
INFO: Deploying web application directory /Users/tylerfoster/Library/tomcat/webapps/examples
May 22, 2013 4:57:06 PM org.apache.catalina.startup.HostConfig deployDirectory
INFO: Deploying web application directory /Users/tylerfoster/Library/tomcat/webapps/host-manager
May 22, 2013 4:57:06 PM org.apache.catalina.startup.HostConfig deployDirectory
INFO: Deploying web application directory /Users/tylerfoster/Library/tomcat/webapps/manager
May 22, 2013 4:57:07 PM org.apache.catalina.startup.HostConfig deployDirectory
INFO: Deploying web application directory /Users/tylerfoster/Library/tomcat/webapps/ROOT
May 22, 2013 4:57:07 PM org.apache.catalina.startup.HostConfig deployDirectory
INFO: Deploying web application directory /Users/tylerfoster/Library/tomcat/webapps/todo
May 22, 2013 4:57:08 PM org.apache.coyote.AbstractProtocol start
INFO: Starting ProtocolHandler ["http-bio-8080"]
May 22, 2013 4:57:08 PM org.apache.coyote.AbstractProtocol start
INFO: Starting ProtocolHandler ["ajp-bio-8009"]
May 22, 2013 4:57:08 PM org.apache.catalina.startup.Catalina start
INFO: Server startup in 4131 ms
In doGet()
May 22, 2013 4:57:37 PM org.apache.catalina.core.StandardServer await
INFO: A valid shutdown command was received via the shutdown port. Stopping the Server instance.
May 22, 2013 4:57:37 PM org.apache.coyote.AbstractProtocol pause
INFO: Pausing ProtocolHandler ["http-bio-8080"]
May 22, 2013 4:57:37 PM org.apache.coyote.AbstractProtocol pause
INFO: Pausing ProtocolHandler ["ajp-bio-8009"]
May 22, 2013 4:57:37 PM org.apache.catalina.core.StandardService stopInternal
INFO: Stopping service Catalina
May 22, 2013 4:57:37 PM org.apache.coyote.AbstractProtocol stop
INFO: Stopping ProtocolHandler ["http-bio-8080"]
May 22, 2013 4:57:37 PM org.apache.coyote.AbstractProtocol stop
INFO: Stopping ProtocolHandler ["ajp-bio-8009"]
May 22, 2013 4:57:37 PM org.apache.coyote.AbstractProtocol destroy
INFO: Destroying ProtocolHandler ["http-bio-8080"]
May 22, 2013 4:57:37 PM org.apache.coyote.AbstractProtocol destroy
INFO: Destroying ProtocolHandler ["ajp-bio-8009"]
May 22, 2013 6:27:13 PM org.apache.catalina.core.AprLifecycleListener init
INFO: The APR based Apache Tomcat Native library which allows optimal performance in production environments was not found on the java.library.path: /Users/tylerfoster/Library/Java/Extensions:/Library/Java/Extensions:/Network/Library/Java/Extensions:/System/Library/Java/Extensions:/usr/lib/java:.
May 22, 2013 6:27:15 PM org.apache.coyote.AbstractProtocol init
INFO: Initializing ProtocolHandler ["http-bio-8080"]
May 22, 2013 6:27:15 PM org.apache.coyote.AbstractProtocol init
INFO: Initializing ProtocolHandler ["ajp-bio-8009"]
May 22, 2013 6:27:15 PM org.apache.catalina.startup.Catalina load
INFO: Initialization processed in 3712 ms
May 22, 2013 6:27:15 PM org.apache.catalina.core.StandardService startInternal
INFO: Starting service Catalina
May 22, 2013 6:27:15 PM org.apache.catalina.core.StandardEngine startInternal
INFO: Starting Servlet Engine: Apache Tomcat/7.0.40
May 22, 2013 6:27:15 PM org.apache.catalina.startup.HostConfig deployDirectory
INFO: Deploying web application directory /Users/tylerfoster/Library/tomcat/webapps/docs
May 22, 2013 6:27:16 PM org.apache.catalina.startup.HostConfig deployDirectory
INFO: Deploying web application directory /Users/tylerfoster/Library/tomcat/webapps/examples
May 22, 2013 6:27:17 PM org.apache.catalina.startup.HostConfig deployDirectory
INFO: Deploying web application directory /Users/tylerfoster/Library/tomcat/webapps/host-manager
May 22, 2013 6:27:17 PM org.apache.catalina.startup.HostConfig deployDirectory
INFO: Deploying web application directory /Users/tylerfoster/Library/tomcat/webapps/manager
May 22, 2013 6:27:17 PM org.apache.catalina.startup.HostConfig deployDirectory
INFO: Deploying web application directory /Users/tylerfoster/Library/tomcat/webapps/ROOT
May 22, 2013 6:27:17 PM org.apache.catalina.startup.HostConfig deployDirectory
INFO: Deploying web application directory /Users/tylerfoster/Library/tomcat/webapps/todo
May 22, 2013 6:27:17 PM org.apache.coyote.AbstractProtocol start
INFO: Starting ProtocolHandler ["http-bio-8080"]
May 22, 2013 6:27:17 PM org.apache.coyote.AbstractProtocol start
INFO: Starting ProtocolHandler ["ajp-bio-8009"]
May 22, 2013 6:27:17 PM org.apache.catalina.startup.Catalina start
INFO: Server startup in 2362 ms
In doGet()
May 24, 2013 12:37:12 PM org.apache.catalina.core.StandardServer await
INFO: A valid shutdown command was received via the shutdown port. Stopping the Server instance.
May 24, 2013 12:37:12 PM org.apache.coyote.AbstractProtocol pause
INFO: Pausing ProtocolHandler ["http-bio-8080"]
May 24, 2013 12:37:12 PM org.apache.coyote.AbstractProtocol pause
INFO: Pausing ProtocolHandler ["ajp-bio-8009"]
May 24, 2013 12:37:12 PM org.apache.catalina.core.StandardService stopInternal
INFO: Stopping service Catalina
May 24, 2013 12:37:14 PM org.apache.coyote.AbstractProtocol stop
INFO: Stopping ProtocolHandler ["http-bio-8080"]
May 24, 2013 12:37:14 PM org.apache.coyote.AbstractProtocol stop
INFO: Stopping ProtocolHandler ["ajp-bio-8009"]
May 24, 2013 12:37:14 PM org.apache.coyote.AbstractProtocol destroy
INFO: Destroying ProtocolHandler ["http-bio-8080"]
May 24, 2013 12:37:14 PM org.apache.coyote.AbstractProtocol destroy
INFO: Destroying ProtocolHandler ["ajp-bio-8009"]
May 29, 2013 10:19:18 AM org.apache.catalina.core.AprLifecycleListener init
INFO: The APR based Apache Tomcat Native library which allows optimal performance in production environments was not found on the java.library.path: /Users/tylerfoster/Library/Java/Extensions:/Library/Java/Extensions:/Network/Library/Java/Extensions:/System/Library/Java/Extensions:/usr/lib/java:.
May 29, 2013 10:19:20 AM org.apache.coyote.AbstractProtocol init
INFO: Initializing ProtocolHandler ["http-bio-8080"]
May 29, 2013 10:19:20 AM org.apache.coyote.AbstractProtocol init
INFO: Initializing ProtocolHandler ["ajp-bio-8009"]
May 29, 2013 10:19:20 AM org.apache.catalina.startup.Catalina load
INFO: Initialization processed in 3826 ms
May 29, 2013 10:19:20 AM org.apache.catalina.core.StandardService startInternal
INFO: Starting service Catalina
May 29, 2013 10:19:20 AM org.apache.catalina.core.StandardEngine startInternal
INFO: Starting Servlet Engine: Apache Tomcat/7.0.40
May 29, 2013 10:19:20 AM org.apache.catalina.startup.HostConfig deployDirectory
INFO: Deploying web application directory /Users/tylerfoster/Library/tomcat/webapps/docs
May 29, 2013 10:19:21 AM org.apache.catalina.startup.HostConfig deployDirectory
INFO: Deploying web application directory /Users/tylerfoster/Library/tomcat/webapps/examples
May 29, 2013 10:19:22 AM org.apache.catalina.startup.HostConfig deployDirectory
INFO: Deploying web application directory /Users/tylerfoster/Library/tomcat/webapps/host-manager
May 29, 2013 10:19:22 AM org.apache.catalina.startup.HostConfig deployDirectory
INFO: Deploying web application directory /Users/tylerfoster/Library/tomcat/webapps/manager
May 29, 2013 10:19:22 AM org.apache.catalina.startup.HostConfig deployDirectory
INFO: Deploying web application directory /Users/tylerfoster/Library/tomcat/webapps/ROOT
May 29, 2013 10:19:23 AM org.apache.catalina.startup.HostConfig deployDirectory
INFO: Deploying web application directory /Users/tylerfoster/Library/tomcat/webapps/todo
May 29, 2013 10:19:23 AM org.apache.coyote.AbstractProtocol start
INFO: Starting ProtocolHandler ["http-bio-8080"]
May 29, 2013 10:19:23 AM org.apache.coyote.AbstractProtocol start
INFO: Starting ProtocolHandler ["ajp-bio-8009"]
May 29, 2013 10:19:23 AM org.apache.catalina.startup.Catalina start
INFO: Server startup in 3286 ms
In doGet()
In doPost()
operation is POST
In doPost()
operation is PUT
Delegating to doPut().
In doPut()
In doPost()
operation is POST
In doGet()
In doPost()
operation is DELETE
Delegating to doDelete().
In doDelete()
In doPost()
operation is DELETE
Delegating to doDelete().
In doDelete()
May 29, 2013 10:21:31 AM org.apache.catalina.core.StandardServer await
INFO: A valid shutdown command was received via the shutdown port. Stopping the Server instance.
May 29, 2013 10:21:31 AM org.apache.coyote.AbstractProtocol pause
INFO: Pausing ProtocolHandler ["http-bio-8080"]
May 29, 2013 10:21:31 AM org.apache.coyote.AbstractProtocol pause
INFO: Pausing ProtocolHandler ["ajp-bio-8009"]
May 29, 2013 10:21:31 AM org.apache.catalina.core.StandardService stopInternal
INFO: Stopping service Catalina
May 29, 2013 10:21:31 AM org.apache.coyote.AbstractProtocol stop
INFO: Stopping ProtocolHandler ["http-bio-8080"]
May 29, 2013 10:21:31 AM org.apache.coyote.AbstractProtocol stop
INFO: Stopping ProtocolHandler ["ajp-bio-8009"]
May 29, 2013 10:21:31 AM org.apache.coyote.AbstractProtocol destroy
INFO: Destroying ProtocolHandler ["http-bio-8080"]
May 29, 2013 10:21:31 AM org.apache.coyote.AbstractProtocol destroy
INFO: Destroying ProtocolHandler ["ajp-bio-8009"]
May 31, 2013 4:54:57 PM org.apache.catalina.core.AprLifecycleListener init
INFO: The APR based Apache Tomcat Native library which allows optimal performance in production environments was not found on the java.library.path: /Users/tylerfoster/Library/Java/Extensions:/Library/Java/Extensions:/Network/Library/Java/Extensions:/System/Library/Java/Extensions:/usr/lib/java:.
May 31, 2013 4:54:59 PM org.apache.coyote.AbstractProtocol init
INFO: Initializing ProtocolHandler ["http-bio-8080"]
May 31, 2013 4:54:59 PM org.apache.coyote.AbstractProtocol init
INFO: Initializing ProtocolHandler ["ajp-bio-8009"]
May 31, 2013 4:54:59 PM org.apache.catalina.startup.Catalina load
INFO: Initialization processed in 3503 ms
May 31, 2013 4:54:59 PM org.apache.catalina.core.StandardService startInternal
INFO: Starting service Catalina
May 31, 2013 4:54:59 PM org.apache.catalina.core.StandardEngine startInternal
INFO: Starting Servlet Engine: Apache Tomcat/7.0.40
May 31, 2013 4:54:59 PM org.apache.catalina.startup.HostConfig deployDirectory
INFO: Deploying web application directory /Users/tylerfoster/Library/tomcat/webapps/docs
May 31, 2013 4:55:02 PM org.apache.catalina.util.SessionIdGenerator createSecureRandom
INFO: Creation of SecureRandom instance for session ID generation using [SHA1PRNG] took [441] milliseconds.
May 31, 2013 4:55:02 PM org.apache.catalina.startup.HostConfig deployDirectory
INFO: Deploying web application directory /Users/tylerfoster/Library/tomcat/webapps/examples
May 31, 2013 4:55:04 PM org.apache.catalina.startup.HostConfig deployDirectory
INFO: Deploying web application directory /Users/tylerfoster/Library/tomcat/webapps/host-manager
May 31, 2013 4:55:04 PM org.apache.catalina.startup.HostConfig deployDirectory
INFO: Deploying web application directory /Users/tylerfoster/Library/tomcat/webapps/manager
May 31, 2013 4:55:04 PM org.apache.catalina.startup.HostConfig deployDirectory
INFO: Deploying web application directory /Users/tylerfoster/Library/tomcat/webapps/ROOT
May 31, 2013 4:55:04 PM org.apache.catalina.startup.HostConfig deployDirectory
INFO: Deploying web application directory /Users/tylerfoster/Library/tomcat/webapps/todo
May 31, 2013 4:55:05 PM org.apache.coyote.AbstractProtocol start
INFO: Starting ProtocolHandler ["http-bio-8080"]
May 31, 2013 4:55:05 PM org.apache.coyote.AbstractProtocol start
INFO: Starting ProtocolHandler ["ajp-bio-8009"]
May 31, 2013 4:55:06 PM org.apache.catalina.startup.Catalina start
INFO: Server startup in 6387 ms
In doGet()
In doGet()
May 31, 2013 4:57:56 PM org.apache.catalina.core.StandardServer await
INFO: A valid shutdown command was received via the shutdown port. Stopping the Server instance.
May 31, 2013 4:57:56 PM org.apache.coyote.AbstractProtocol pause
INFO: Pausing ProtocolHandler ["http-bio-8080"]
May 31, 2013 4:57:56 PM org.apache.coyote.AbstractProtocol pause
INFO: Pausing ProtocolHandler ["ajp-bio-8009"]
May 31, 2013 4:57:56 PM org.apache.catalina.core.StandardService stopInternal
INFO: Stopping service Catalina
May 31, 2013 4:57:56 PM org.apache.coyote.AbstractProtocol stop
INFO: Stopping ProtocolHandler ["http-bio-8080"]
May 31, 2013 4:57:56 PM org.apache.coyote.AbstractProtocol stop
INFO: Stopping ProtocolHandler ["ajp-bio-8009"]
May 31, 2013 4:57:56 PM org.apache.coyote.AbstractProtocol destroy
INFO: Destroying ProtocolHandler ["http-bio-8080"]
May 31, 2013 4:57:56 PM org.apache.coyote.AbstractProtocol destroy
INFO: Destroying ProtocolHandler ["ajp-bio-8009"]
May 31, 2013 4:58:43 PM org.apache.catalina.core.AprLifecycleListener init
INFO: The APR based Apache Tomcat Native library which allows optimal performance in production environments was not found on the java.library.path: /Users/tylerfoster/Library/Java/Extensions:/Library/Java/Extensions:/Network/Library/Java/Extensions:/System/Library/Java/Extensions:/usr/lib/java:.
May 31, 2013 4:58:44 PM org.apache.coyote.AbstractProtocol init
INFO: Initializing ProtocolHandler ["http-bio-8080"]
May 31, 2013 4:58:44 PM org.apache.coyote.AbstractProtocol init
INFO: Initializing ProtocolHandler ["ajp-bio-8009"]
May 31, 2013 4:58:44 PM org.apache.catalina.startup.Catalina load
INFO: Initialization processed in 1411 ms
May 31, 2013 4:58:44 PM org.apache.catalina.core.StandardService startInternal
INFO: Starting service Catalina
May 31, 2013 4:58:44 PM org.apache.catalina.core.StandardEngine startInternal
INFO: Starting Servlet Engine: Apache Tomcat/7.0.40
May 31, 2013 4:58:44 PM org.apache.catalina.startup.HostConfig deployDirectory
INFO: Deploying web application directory /Users/tylerfoster/Library/tomcat/webapps/docs
May 31, 2013 4:58:45 PM org.apache.catalina.util.SessionIdGenerator createSecureRandom
INFO: Creation of SecureRandom instance for session ID generation using [SHA1PRNG] took [158] milliseconds.
May 31, 2013 4:58:45 PM org.apache.catalina.startup.HostConfig deployDirectory
INFO: Deploying web application directory /Users/tylerfoster/Library/tomcat/webapps/examples
May 31, 2013 4:58:45 PM org.apache.catalina.startup.HostConfig deployDirectory
INFO: Deploying web application directory /Users/tylerfoster/Library/tomcat/webapps/host-manager
May 31, 2013 4:58:45 PM org.apache.catalina.startup.HostConfig deployDirectory
INFO: Deploying web application directory /Users/tylerfoster/Library/tomcat/webapps/manager
May 31, 2013 4:58:46 PM org.apache.catalina.startup.HostConfig deployDirectory
INFO: Deploying web application directory /Users/tylerfoster/Library/tomcat/webapps/ROOT
May 31, 2013 4:58:46 PM org.apache.catalina.startup.HostConfig deployDirectory
INFO: Deploying web application directory /Users/tylerfoster/Library/tomcat/webapps/todo
May 31, 2013 4:58:46 PM org.apache.coyote.AbstractProtocol start
INFO: Starting ProtocolHandler ["http-bio-8080"]
May 31, 2013 4:58:46 PM org.apache.coyote.AbstractProtocol start
INFO: Starting ProtocolHandler ["ajp-bio-8009"]
May 31, 2013 4:58:46 PM org.apache.catalina.startup.Catalina start
INFO: Server startup in 1903 ms
In doGet()
May 31, 2013 5:04:08 PM org.apache.catalina.core.StandardServer await
INFO: A valid shutdown command was received via the shutdown port. Stopping the Server instance.
May 31, 2013 5:04:09 PM org.apache.coyote.AbstractProtocol pause
INFO: Pausing ProtocolHandler ["http-bio-8080"]
May 31, 2013 5:04:09 PM org.apache.coyote.AbstractProtocol pause
INFO: Pausing ProtocolHandler ["ajp-bio-8009"]
May 31, 2013 5:04:09 PM org.apache.catalina.core.StandardService stopInternal
INFO: Stopping service Catalina
May 31, 2013 5:04:09 PM org.apache.coyote.AbstractProtocol stop
INFO: Stopping ProtocolHandler ["http-bio-8080"]
May 31, 2013 5:04:09 PM org.apache.coyote.AbstractProtocol stop
INFO: Stopping ProtocolHandler ["ajp-bio-8009"]
May 31, 2013 5:04:09 PM org.apache.coyote.AbstractProtocol destroy
INFO: Destroying ProtocolHandler ["http-bio-8080"]
May 31, 2013 5:04:09 PM org.apache.coyote.AbstractProtocol destroy
INFO: Destroying ProtocolHandler ["ajp-bio-8009"]
May 31, 2013 5:28:34 PM org.apache.catalina.core.AprLifecycleListener init
INFO: The APR based Apache Tomcat Native library which allows optimal performance in production environments was not found on the java.library.path: /Users/tylerfoster/Library/Java/Extensions:/Library/Java/Extensions:/Network/Library/Java/Extensions:/System/Library/Java/Extensions:/usr/lib/java:.
May 31, 2013 5:28:35 PM org.apache.coyote.AbstractProtocol init
INFO: Initializing ProtocolHandler ["http-bio-8080"]
May 31, 2013 5:28:35 PM org.apache.coyote.AbstractProtocol init
INFO: Initializing ProtocolHandler ["ajp-bio-8009"]
May 31, 2013 5:28:35 PM org.apache.catalina.startup.Catalina load
INFO: Initialization processed in 1612 ms
May 31, 2013 5:28:35 PM org.apache.catalina.core.StandardService startInternal
INFO: Starting service Catalina
May 31, 2013 5:28:35 PM org.apache.catalina.core.StandardEngine startInternal
INFO: Starting Servlet Engine: Apache Tomcat/7.0.40
May 31, 2013 5:28:35 PM org.apache.catalina.startup.HostConfig deployDirectory
INFO: Deploying web application directory /Users/tylerfoster/Library/tomcat/webapps/docs
May 31, 2013 5:28:36 PM org.apache.catalina.util.SessionIdGenerator createSecureRandom
INFO: Creation of SecureRandom instance for session ID generation using [SHA1PRNG] took [133] milliseconds.
May 31, 2013 5:28:36 PM org.apache.catalina.startup.HostConfig deployDirectory
INFO: Deploying web application directory /Users/tylerfoster/Library/tomcat/webapps/examples
May 31, 2013 5:28:37 PM org.apache.catalina.startup.HostConfig deployDirectory
INFO: Deploying web application directory /Users/tylerfoster/Library/tomcat/webapps/host-manager
May 31, 2013 5:28:37 PM org.apache.catalina.startup.HostConfig deployDirectory
INFO: Deploying web application directory /Users/tylerfoster/Library/tomcat/webapps/manager
May 31, 2013 5:28:37 PM org.apache.catalina.startup.HostConfig deployDirectory
INFO: Deploying web application directory /Users/tylerfoster/Library/tomcat/webapps/ROOT
May 31, 2013 5:28:37 PM org.apache.catalina.startup.HostConfig deployDirectory
INFO: Deploying web application directory /Users/tylerfoster/Library/tomcat/webapps/todo
May 31, 2013 5:28:38 PM org.apache.coyote.AbstractProtocol start
INFO: Starting ProtocolHandler ["http-bio-8080"]
May 31, 2013 5:28:38 PM org.apache.coyote.AbstractProtocol start
INFO: Starting ProtocolHandler ["ajp-bio-8009"]
May 31, 2013 5:28:38 PM org.apache.catalina.startup.Catalina start
INFO: Server startup in 3195 ms
In doGet()
In doPost()
operation is POST
In doPost()
operation is DELETE
Delegating to doDelete().
In doDelete()
May 31, 2013 5:43:16 PM org.apache.catalina.core.StandardServer await
INFO: A valid shutdown command was received via the shutdown port. Stopping the Server instance.
May 31, 2013 5:43:16 PM org.apache.coyote.AbstractProtocol pause
INFO: Pausing ProtocolHandler ["http-bio-8080"]
May 31, 2013 5:43:16 PM org.apache.coyote.AbstractProtocol pause
INFO: Pausing ProtocolHandler ["ajp-bio-8009"]
May 31, 2013 5:43:16 PM org.apache.catalina.core.StandardService stopInternal
INFO: Stopping service Catalina
May 31, 2013 5:43:16 PM org.apache.coyote.AbstractProtocol stop
INFO: Stopping ProtocolHandler ["http-bio-8080"]
May 31, 2013 5:43:16 PM org.apache.coyote.AbstractProtocol stop
INFO: Stopping ProtocolHandler ["ajp-bio-8009"]
May 31, 2013 5:43:16 PM org.apache.coyote.AbstractProtocol destroy
INFO: Destroying ProtocolHandler ["http-bio-8080"]
May 31, 2013 5:43:16 PM org.apache.coyote.AbstractProtocol destroy
INFO: Destroying ProtocolHandler ["ajp-bio-8009"]
