May 29, 2013 10:19:18 AM org.apache.catalina.core.AprLifecycleListener init
INFO: The APR based Apache Tomcat Native library which allows optimal performance in production environments was not found on the java.library.path: /Users/tylerfoster/Library/Java/Extensions:/Library/Java/Extensions:/Network/Library/Java/Extensions:/System/Library/Java/Extensions:/usr/lib/java:.
May 29, 2013 10:19:20 AM org.apache.coyote.AbstractProtocol init
INFO: Initializing ProtocolHandler ["http-bio-8080"]
May 29, 2013 10:19:20 AM org.apache.coyote.AbstractProtocol init
INFO: Initializing ProtocolHandler ["ajp-bio-8009"]
May 29, 2013 10:19:20 AM org.apache.catalina.startup.Catalina load
INFO: Initialization processed in 3826 ms
May 29, 2013 10:19:20 AM org.apache.catalina.core.StandardService startInternal
INFO: Starting service Catalina
May 29, 2013 10:19:20 AM org.apache.catalina.core.StandardEngine startInternal
INFO: Starting Servlet Engine: Apache Tomcat/7.0.40
May 29, 2013 10:19:20 AM org.apache.catalina.startup.HostConfig deployDirectory
INFO: Deploying web application directory /Users/tylerfoster/Library/tomcat/webapps/docs
May 29, 2013 10:19:21 AM org.apache.catalina.startup.HostConfig deployDirectory
INFO: Deploying web application directory /Users/tylerfoster/Library/tomcat/webapps/examples
May 29, 2013 10:19:22 AM org.apache.catalina.startup.HostConfig deployDirectory
INFO: Deploying web application directory /Users/tylerfoster/Library/tomcat/webapps/host-manager
May 29, 2013 10:19:22 AM org.apache.catalina.startup.HostConfig deployDirectory
INFO: Deploying web application directory /Users/tylerfoster/Library/tomcat/webapps/manager
May 29, 2013 10:19:22 AM org.apache.catalina.startup.HostConfig deployDirectory
INFO: Deploying web application directory /Users/tylerfoster/Library/tomcat/webapps/ROOT
May 29, 2013 10:19:23 AM org.apache.catalina.startup.HostConfig deployDirectory
INFO: Deploying web application directory /Users/tylerfoster/Library/tomcat/webapps/todo
May 29, 2013 10:19:23 AM org.apache.coyote.AbstractProtocol start
INFO: Starting ProtocolHandler ["http-bio-8080"]
May 29, 2013 10:19:23 AM org.apache.coyote.AbstractProtocol start
INFO: Starting ProtocolHandler ["ajp-bio-8009"]
May 29, 2013 10:19:23 AM org.apache.catalina.startup.Catalina start
INFO: Server startup in 3286 ms
May 29, 2013 10:21:31 AM org.apache.catalina.core.StandardServer await
INFO: A valid shutdown command was received via the shutdown port. Stopping the Server instance.
May 29, 2013 10:21:31 AM org.apache.coyote.AbstractProtocol pause
INFO: Pausing ProtocolHandler ["http-bio-8080"]
May 29, 2013 10:21:31 AM org.apache.coyote.AbstractProtocol pause
INFO: Pausing ProtocolHandler ["ajp-bio-8009"]
May 29, 2013 10:21:31 AM org.apache.catalina.core.StandardService stopInternal
INFO: Stopping service Catalina
May 29, 2013 10:21:31 AM org.apache.coyote.AbstractProtocol stop
INFO: Stopping ProtocolHandler ["http-bio-8080"]
May 29, 2013 10:21:31 AM org.apache.coyote.AbstractProtocol stop
INFO: Stopping ProtocolHandler ["ajp-bio-8009"]
May 29, 2013 10:21:31 AM org.apache.coyote.AbstractProtocol destroy
INFO: Destroying ProtocolHandler ["http-bio-8080"]
May 29, 2013 10:21:31 AM org.apache.coyote.AbstractProtocol destroy
INFO: Destroying ProtocolHandler ["ajp-bio-8009"]
