May 31, 2013 4:55:04 PM org.apache.catalina.core.ApplicationContext log
INFO: ContextListener: contextInitialized()
May 31, 2013 4:55:04 PM org.apache.catalina.core.ApplicationContext log
INFO: SessionListener: contextInitialized()
May 31, 2013 4:55:04 PM org.apache.catalina.core.ApplicationContext log
INFO: ContextListener: attributeAdded('org.apache.jasper.compiler.TldLocationsCache', 'org.apache.jasper.compiler.TldLocationsCache@2b62c243')
May 31, 2013 4:57:56 PM org.apache.catalina.core.ApplicationContext log
INFO: SessionListener: contextDestroyed()
May 31, 2013 4:57:56 PM org.apache.catalina.core.ApplicationContext log
INFO: ContextListener: contextDestroyed()
May 31, 2013 4:58:45 PM org.apache.catalina.core.ApplicationContext log
INFO: ContextListener: contextInitialized()
May 31, 2013 4:58:45 PM org.apache.catalina.core.ApplicationContext log
INFO: SessionListener: contextInitialized()
May 31, 2013 4:58:45 PM org.apache.catalina.core.ApplicationContext log
INFO: ContextListener: attributeAdded('org.apache.jasper.compiler.TldLocationsCache', 'org.apache.jasper.compiler.TldLocationsCache@1cafc935')
May 31, 2013 5:04:09 PM org.apache.catalina.core.ApplicationContext log
INFO: SessionListener: contextDestroyed()
May 31, 2013 5:04:09 PM org.apache.catalina.core.ApplicationContext log
INFO: ContextListener: contextDestroyed()
May 31, 2013 5:28:37 PM org.apache.catalina.core.ApplicationContext log
INFO: ContextListener: contextInitialized()
May 31, 2013 5:28:37 PM org.apache.catalina.core.ApplicationContext log
INFO: SessionListener: contextInitialized()
May 31, 2013 5:28:37 PM org.apache.catalina.core.ApplicationContext log
INFO: ContextListener: attributeAdded('org.apache.jasper.compiler.TldLocationsCache', 'org.apache.jasper.compiler.TldLocationsCache@58c2c549')
May 31, 2013 5:43:16 PM org.apache.catalina.core.ApplicationContext log
INFO: SessionListener: contextDestroyed()
May 31, 2013 5:43:16 PM org.apache.catalina.core.ApplicationContext log
INFO: ContextListener: contextDestroyed()
