May 21, 2013 12:55:50 PM org.apache.catalina.core.ApplicationContext log
INFO: ContextListener: contextInitialized()
May 21, 2013 12:55:50 PM org.apache.catalina.core.ApplicationContext log
INFO: SessionListener: contextInitialized()
May 21, 2013 12:55:50 PM org.apache.catalina.core.ApplicationContext log
INFO: ContextListener: attributeAdded('org.apache.jasper.compiler.TldLocationsCache', 'org.apache.jasper.compiler.TldLocationsCache@e6050b2')
May 21, 2013 12:58:16 PM org.apache.catalina.core.ApplicationContext log
INFO: SessionListener: contextDestroyed()
May 21, 2013 12:58:16 PM org.apache.catalina.core.ApplicationContext log
INFO: ContextListener: contextDestroyed()
May 21, 2013 1:02:43 PM org.apache.catalina.core.ApplicationContext log
INFO: ContextListener: contextInitialized()
May 21, 2013 1:02:43 PM org.apache.catalina.core.ApplicationContext log
INFO: SessionListener: contextInitialized()
May 21, 2013 1:02:44 PM org.apache.catalina.core.ApplicationContext log
INFO: ContextListener: attributeAdded('org.apache.jasper.compiler.TldLocationsCache', 'org.apache.jasper.compiler.TldLocationsCache@1cafc935')
May 21, 2013 1:03:49 PM org.apache.catalina.core.ApplicationContext log
INFO: SessionListener: contextDestroyed()
May 21, 2013 1:03:49 PM org.apache.catalina.core.ApplicationContext log
INFO: ContextListener: contextDestroyed()
