May 22, 2013 10:15:21 AM org.apache.catalina.core.ApplicationContext log
INFO: ContextListener: contextInitialized()
May 22, 2013 10:15:21 AM org.apache.catalina.core.ApplicationContext log
INFO: SessionListener: contextInitialized()
May 22, 2013 10:15:21 AM org.apache.catalina.core.ApplicationContext log
INFO: ContextListener: attributeAdded('org.apache.jasper.compiler.TldLocationsCache', 'org.apache.jasper.compiler.TldLocationsCache@48b7638f')
May 22, 2013 10:27:46 AM org.apache.catalina.core.ApplicationContext log
INFO: SessionListener: contextDestroyed()
May 22, 2013 10:27:46 AM org.apache.catalina.core.ApplicationContext log
INFO: ContextListener: contextDestroyed()
May 22, 2013 10:45:28 AM org.apache.catalina.core.ApplicationContext log
INFO: ContextListener: contextInitialized()
May 22, 2013 10:45:28 AM org.apache.catalina.core.ApplicationContext log
INFO: SessionListener: contextInitialized()
May 22, 2013 10:45:28 AM org.apache.catalina.core.ApplicationContext log
INFO: ContextListener: attributeAdded('org.apache.jasper.compiler.TldLocationsCache', 'org.apache.jasper.compiler.TldLocationsCache@7265d075')
May 22, 2013 10:48:30 AM org.apache.catalina.core.ApplicationContext log
INFO: ContextListener: contextInitialized()
May 22, 2013 10:48:30 AM org.apache.catalina.core.ApplicationContext log
INFO: SessionListener: contextInitialized()
May 22, 2013 10:48:30 AM org.apache.catalina.core.ApplicationContext log
INFO: ContextListener: attributeAdded('org.apache.jasper.compiler.TldLocationsCache', 'org.apache.jasper.compiler.TldLocationsCache@25eef81')
May 22, 2013 10:48:31 AM org.apache.catalina.core.ApplicationContext log
INFO: SessionListener: contextDestroyed()
May 22, 2013 10:48:31 AM org.apache.catalina.core.ApplicationContext log
INFO: ContextListener: contextDestroyed()
May 22, 2013 11:50:54 AM org.apache.catalina.core.ApplicationContext log
INFO: SessionListener: contextDestroyed()
May 22, 2013 11:50:54 AM org.apache.catalina.core.ApplicationContext log
INFO: ContextListener: contextDestroyed()
May 22, 2013 11:51:22 AM org.apache.catalina.core.ApplicationContext log
INFO: ContextListener: contextInitialized()
May 22, 2013 11:51:22 AM org.apache.catalina.core.ApplicationContext log
INFO: SessionListener: contextInitialized()
May 22, 2013 11:51:22 AM org.apache.catalina.core.ApplicationContext log
INFO: ContextListener: attributeAdded('org.apache.jasper.compiler.TldLocationsCache', 'org.apache.jasper.compiler.TldLocationsCache@7265d075')
May 22, 2013 11:51:42 AM org.apache.catalina.core.ApplicationContext log
INFO: SessionListener: contextDestroyed()
May 22, 2013 11:51:42 AM org.apache.catalina.core.ApplicationContext log
INFO: ContextListener: contextDestroyed()
May 22, 2013 4:57:06 PM org.apache.catalina.core.ApplicationContext log
INFO: ContextListener: contextInitialized()
May 22, 2013 4:57:06 PM org.apache.catalina.core.ApplicationContext log
INFO: SessionListener: contextInitialized()
May 22, 2013 4:57:06 PM org.apache.catalina.core.ApplicationContext log
INFO: ContextListener: attributeAdded('org.apache.jasper.compiler.TldLocationsCache', 'org.apache.jasper.compiler.TldLocationsCache@194ec90')
May 22, 2013 4:57:37 PM org.apache.catalina.core.ApplicationContext log
INFO: SessionListener: contextDestroyed()
May 22, 2013 4:57:37 PM org.apache.catalina.core.ApplicationContext log
INFO: ContextListener: contextDestroyed()
May 22, 2013 6:27:17 PM org.apache.catalina.core.ApplicationContext log
INFO: ContextListener: contextInitialized()
May 22, 2013 6:27:17 PM org.apache.catalina.core.ApplicationContext log
INFO: SessionListener: contextInitialized()
May 22, 2013 6:27:17 PM org.apache.catalina.core.ApplicationContext log
INFO: ContextListener: attributeAdded('org.apache.jasper.compiler.TldLocationsCache', 'org.apache.jasper.compiler.TldLocationsCache@f4708f5')
